<?xml version="1.0" encoding="UTF-8"?>
<!-- Generated by org.testng.reporters.JUnitXMLReporter -->
<testsuite ignored="0" hostname="DESKTOP-EMUU5D0" failures="0" tests="6" name="firefox" time="0.158" errors="0" timestamp="2022-09-08T07:22:53 IST">
  <testcase classname="testPackage.TestClassA_TestNG" name="testA" time="0.015"/>
  <testcase classname="testPackage.TestClassA_TestNG" name="testB" time="0.003"/>
  <testcase classname="testPackage.TestClassA_TestNG" name="testC" time="0.001"/>
  <testcase classname="testPackage.TestClassB_TestNG" name="testA" time="0.006"/>
  <testcase classname="testPackage.TestClassB_TestNG" name="testB" time="0.002"/>
  <testcase classname="testPackage.TestClassB_TestNG" name="testC" time="0.001"/>
</testsuite> <!-- firefox -->
